Arguments: 
  D:\Program\nodejs\node.exe D:\Program\nodejs\node_modules\yarn\bin\yarn.js add @vant/area-data

PATH: 
  C:\Program Files\Common Files\Oracle\Java\javapath;C:\Program Files (x86)\Common Files\Oracle\Java\javapath;C:\Program Files\NVIDIA GPU Computing Toolkit\CUDA\v12.1\bin;C:\Program Files\NVIDIA GPU Computing Toolkit\CUDA\v12.1\libnvvp;D:\Program\VMware\bin\;D:\Program\Ruby32-x64\bin;C:\Windows\system32;C:\Windows;C:\Windows\System32\Wbem;C:\Windows\System32\WindowsPowerShell\v1.0\;C:\Windows\System32\OpenSSH\;C:\Program Files (x86)\NVIDIA Corporation\PhysX\Common;C:\Program Files\Bandizip\;D:\Program\nvm;D:\Program\nodejs;C:\Program Files\Microsoft SQL Server\150\Tools\Binn\;C:\Program Files\Microsoft SQL Server\Client SDK\ODBC\170\Tools\Binn\;D:\Program\SVN\bin;D:\Program\XShell\;D:\Program\Xftp\;D:\Program\微信web开发者工具\dll;C:\Pro;ram Files (x86)\Microsoft SQL Server\150\Tools\Binn\;C:\Program Files\Microsoft SQL Server\150\DTS\Binn\;C:\Program Files (x86)\Microsoft SQL Server\150\DTS\Binn\;C:\Program Files\Azure Data Studio\bin;C:\WINDOWS\system32;C:\WINDOWS;C:\WINDOWS\System32\Wbem;C:\WINDOWS\System32\WindowsPowerShell\v1.0\;C:\WINDOWS\System32\OpenSSH\;C:\Program Files\dotnet\;C:\Program Files\NVIDIA Corporation\Nsight Compute 2023.1.0\;C:\Program Files\NVIDIA Corporation\NVIDIA NvDLISR;D:\Program\Git\Git\cmd;C:\Users\晓\AppData\Local\Microsoft\WindowsApps;D:\Program\nvm;D:\Program\nodejs;D:\Program\Microsoft VS Code\bin;D:\Program\platform-tools_r33.0.0-windows\platform-tools;F:\RTE\BrowserDriver;;C:\Program Files\Azure Data Studio\bin;C:\Users\晓\.dotnet\tools

Yarn version: 
  1.22.19

Node version: 
  14.18.3

Platform: 
  win32 x64

Trace: 
  Error: connect ETIMEDOUT 104.16.1.35:443
      at TCPConnectWrap.afterConnect [as oncomplete] (net.js:1159:16)

npm manifest: 
  {
    "dependencies": {
      "@vant/weapp": "^1.11.4"
    }
  }

yarn manifest: 
  No manifest

Lockfile: 
  No lockfile
